
---------------------------------------

Reading document : Start.
Reading document : End.

---------------------------------------

Verifying document : Start.
Verifying document : End.

---------------------------------------

Machine initialization : Start.
Warning : Machine : PP Word Table not found at the specified place  
Machine initialization : End.

---------------------------------------


Generating NC code file : Start.

Information: ** activity Manufacturing Program.1 : INIT. ** 

Information: ** activity Tool Change.1 : INIT. ** 
Information: ** Machining and total time  : 0s , 0s . ** 
Information: ** activity Tool Change.1 : END . ** 
Warning: activity Facing.1 is locked.

Information: ** activity Facing.1 : INIT. ** 
Information: Force Compute on Facing.1.
Information: ** Machining and total time  : 1mn 59s , 2mn 8s . ** 
Information: ** activity Facing.1 : END . ** 
Warning: activity Profile Contouring.1 is locked.

Information: ** activity Profile Contouring.1 : INIT. ** 
Information: Force Compute on Profile Contouring.1.
Information: ** Machining and total time  : 4mn 0s , 4mn 9s . ** 
Information: ** activity Profile Contouring.1 : END . ** 

Information: ** activity Tool Change.12 : INIT. ** 
Information: ** Machining and total time  : 0s , 0s . ** 
Information: ** activity Tool Change.12 : END . ** 
Warning: activity Pocketing.8 is locked.

Information: ** activity Pocketing.8 : INIT. ** 
Information: Force Compute on Pocketing.8.
Information: ** Machining and total time  : 47s , 53s . ** 
Information: ** activity Pocketing.8 : END . ** 
Warning: activity Pocketing.9 is locked.

Information: ** activity Pocketing.9 : INIT. ** 
Information: Force Compute on Pocketing.9.
Information: ** Machining and total time  : 4s , 8s . ** 
Information: ** activity Pocketing.9 : END . ** 
Information: ** activity Manufacturing Program.1 : END . ** 
Generating NC code file : End.

---------------------------------------

Generating ISO file : Debut.
Generating ISO file : End.

---------------------------------------

Saving document : Start.
Saving document : End.
End of Batch.

---------------------------------------

