REP: V1R9 SP3 vc91/64     [00591] (d)11.03.2013 (t)18:33:21
REP:  
REP: PP File     = C:\Program Files\Dassault Systemes\B32\win_b64\startup\Manufacturing\PPPar\SINUMERIK_840D_3X.pp
REP: PP License  = SERVICE
REP: PP Version  = V1R8
REP: PP Creator  = Jo
REP: PP Date     = 11.09.2006(10:30:25)
REP:  
**************************************************
MSG.NR.: 30101
APT-Word              : TOOLNO
Line number APT       : 21
Invalid number of parameters
SEVERITY: 4
**************************************************
**************************************************
MSG.NR.: 30101
APT-Word              : TOOLNO
Line number APT       : 124
Invalid number of parameters
SEVERITY: 4
**************************************************
**************************************************
MSG.NR.: 30101
APT-Word              : REWIND
Line number APT       : 150
Invalid number of parameters
SEVERITY: 4
**************************************************
