
---------------------------------------

Reading document : Start.
Reading document : End.

---------------------------------------

Verifying document : Start.
Verifying document : End.

---------------------------------------

Machine initialization : Start.
Machine initialization : End.

---------------------------------------


Generating NC code file : Start.

Information: ** activity Manufacturing Program.1 : INIT. ** 
Warning: activity Part Operation.1 is not up to date.

Information: ** activity Tool Change.10 : INIT. ** 
Information: ** Machining and total time  : 0s , 0s . ** 
Information: ** activity Tool Change.10 : END . ** 

Information: ** activity Facing.2 : INIT. ** 
Information: ** Machining and total time  : 50s , 59s . ** 
Information: ** activity Facing.2 : END . ** 

Information: ** activity Tool Change.12 : INIT. ** 
Information: ** Machining and total time  : 0s , 0s . ** 
Information: ** activity Tool Change.12 : END . ** 

Information: ** activity Profile Contouring.2 : INIT. ** 
Information: ** Machining and total time  : 2mn 5s , 2mn 12s . ** 
Information: ** activity Profile Contouring.2 : END . ** 

Information: ** activity Pocketing.6 : INIT. ** 
Information: ** Machining and total time  : 45s , 53s . ** 
Information: ** activity Pocketing.6 : END . ** 

Information: ** activity Tool Change.13 : INIT. ** 
Information: ** Machining and total time  : 0s , 0s . ** 
Information: ** activity Tool Change.13 : END . ** 

Information: ** activity Curve Following.3 : INIT. ** 
Information: ** Machining and total time  : 14s , 18s . ** 
Information: ** activity Curve Following.3 : END . ** 

Information: ** activity Tool Change.14 : INIT. ** 
Information: ** Machining and total time  : 0s , 0s . ** 
Information: ** activity Tool Change.14 : END . ** 

Information: ** activity Drilling.2 : INIT. ** 
Information: ** Machining and total time  : 13s , 16s . ** 
Information: ** activity Drilling.2 : END . ** 
Information: ** activity Manufacturing Program.1 : END . ** 
Generating NC code file : End.

---------------------------------------

Generating ISO file : Debut.
Generating ISO file : End.

---------------------------------------

Saving document : Start.
Saving document : End.
End of Batch.

---------------------------------------

